<?xml version="1.0" encoding="UTF-8"?>
<testsuite name="PrinterTests" time="0.016" tests="1" errors="0" skipped="0" failures="1">
  <properties>
[...]
</properties>
  <testcase name="printTest" classname="PrinterTests" time="0.016">
    <failure message="expected [hello, I&apos;m printer er[fgkf[kg] but found [hello, I&apos;m printer]" type="java.lang.AssertionError">java.lang.AssertionError: expected [hello, I'm printer er[fgkf[kg] but found [hello, I'm printer]
	at org.testng.Assert.fail(Assert.java:94)
	at org.testng.Assert.failNotEquals(Assert.java:496)
	at org.testng.Assert.assertEquals(Assert.java:125)
	at org.testng.Assert.assertEquals(Assert.java:178)
	at org.testng.Assert.assertEquals(Assert.java:188)
	at PrinterTests.printTest(PrinterTests.java:12)
</failure>
    <system-out>Configuring TestNG with: TestNG652Configurator
</system-out>
  </testcase>
</testsuite>