<?xml version="1.0" encoding="UTF-8"?>
<testng-results skipped="0" failed="0" total="1" passed="1">
  <reporter-output>
  </reporter-output>
  <suite name="Default suite" duration-ms="41" started-at="2018-06-18T08:15:45Z" finished-at="2018-06-18T08:15:45Z">
    <groups>
    </groups>
    <test name="Default test" duration-ms="41" started-at="2018-06-18T08:15:45Z" finished-at="2018-06-18T08:15:45Z">
      <class name="PrinterTests">
        <test-method status="PASS" signature="printTest()[pri:0, instance:PrinterTests@174d20a]" name="printTest" duration-ms="18" started-at="2018-06-18T11:15:45Z" finished-at="2018-06-18T11:15:45Z">
          <reporter-output>
          </reporter-output>
        </test-method> <!-- printTest -->
      </class> <!-- PrinterTests -->
    </test> <!-- Default test -->
  </suite> <!-- Default suite -->
</testng-results>
