<?xml version="1.0" encoding="UTF-8"?>
<!-- Generated by org.testng.reporters.JUnitXMLReporter -->
<testsuite hostname="EPBYMINW4984" tests="1" failures="1" timestamp="19 Jun 2018 08:21:18 GMT" time="0.031" errors="0">
  <testcase name="printTest" time="0.011" classname="PrinterTests">
    <failure type="java.lang.AssertionError" message="expected [hello, I&amp;apos;m printer er[fgkf[kg] but found [hello, I&amp;apos;m printer]">
      <![CDATA[java.lang.AssertionError: expected [hello, I'm printer er[fgkf[kg] but found [hello, I'm printer]
	at PrinterTests.printTest(PrinterTests.java:12)
... Removed 39 stack frames]]>
    </failure>
  </testcase> <!-- printTest -->
</testsuite>
